<?xml version="1.0" encoding="UTF-8"?>
<testsuite name="com.rudradave.kmpfintechstarter.shared.domain.usecase.GetTransactionsUseCaseTest" tests="1" skipped="0" failures="0" errors="0" timestamp="2026-03-30T10:20:21" hostname="Rudras-Mac-mini-2.local" time="0.002">
  <properties/>
  <testcase name="returns repository emissions in order" classname="com.rudradave.kmpfintechstarter.shared.domain.usecase.GetTransactionsUseCaseTest" time="0.002"/>
  <system-out><![CDATA[]]></system-out>
  <system-err><![CDATA[]]></system-err>
</testsuite>
