<?xml version="1.0" encoding="UTF-8"?>
<testsuite name="com.rudradave.kmpfintechstarter.shared.domain.usecase.SyncTransactionsUseCaseTest" tests="2" skipped="0" failures="0" errors="0" timestamp="2026-03-30T10:20:21" hostname="Rudras-Mac-mini-2.local" time="0.004">
  <properties/>
  <testcase name="returns failure without recording metadata" classname="com.rudradave.kmpfintechstarter.shared.domain.usecase.SyncTransactionsUseCaseTest" time="0.003"/>
  <testcase name="returns success and records sync metadata" classname="com.rudradave.kmpfintechstarter.shared.domain.usecase.SyncTransactionsUseCaseTest" time="0.001"/>
  <system-out><![CDATA[]]></system-out>
  <system-err><![CDATA[]]></system-err>
</testsuite>
